<?xml version="1.0" encoding="UTF-8"?>
<testsuite xmlns:xsi="http://www.w3.org/2001/XMLSchema-instance" xsi:schemaLocation="https://maven.apache.org/surefire/maven-surefire-plugin/xsd/surefire-test-report.xsd" name="com.barnardos.runners.donateRunner" time="486.967" tests="108" errors="0" skipped="8" failures="2">
  <properties>
    <property name="java.runtime.name" value="Java(TM) SE Runtime Environment"/>
    <property name="java.vm.version" value="9.0.4+11"/>
    <property name="sun.boot.library.path" value="/Library/Java/JavaVirtualMachines/jdk-9.0.4.jdk/Contents/Home/lib"/>
    <property name="gopherProxySet" value="false"/>
    <property name="maven.multiModuleProjectDirectory" value="/Users/administrator/IdeaProjects/AcceptanceTests_NEW"/>
    <property name="java.vm.vendor" value="Oracle Corporation"/>
    <property name="java.vendor.url" value="http://java.oracle.com/"/>
    <property name="guice.disable.misplaced.annotation.check" value="true"/>
    <property name="path.separator" value=":"/>
    <property name="java.vm.name" value="Java HotSpot(TM) 64-Bit Server VM"/>
    <property name="file.encoding.pkg" value="sun.io"/>
    <property name="sun.os.patch.level" value="unknown"/>
    <property name="user.country" value="GB"/>
    <property name="sun.java.launcher" value="SUN_STANDARD"/>
    <property name="java.vm.specification.name" value="Java Virtual Machine Specification"/>
    <property name="user.dir" value="/Users/administrator/IdeaProjects/AcceptanceTests_NEW"/>
    <property name="java.vm.compressedOopsMode" value="Zero based"/>
    <property name="java.runtime.version" value="9.0.4+11"/>
    <property name="java.awt.graphicsenv" value="sun.awt.CGraphicsEnvironment"/>
    <property name="os.arch" value="x86_64"/>
    <property name="java.io.tmpdir" value="/var/folders/d5/pfw60p3d3_x18c4d99cd3qrr0000gn/T/"/>
    <property name="line.separator" value="&#10;"/>
    <property name="java.vm.specification.vendor" value="Oracle Corporation"/>
    <property name="os.name" value="Mac OS X"/>
    <property name="classworlds.conf" value="/usr/local/Cellar/maven/3.5.3/libexec/bin/m2.conf"/>
    <property name="sun.jnu.encoding" value="UTF-8"/>
    <property name="java.library.path" value="/Users/administrator/Library/Java/Extensions:/Library/Java/Extensions:/Network/Library/Java/Extensions:/System/Library/Java/Extensions:/usr/lib/java:."/>
    <property name="maven.conf" value="/usr/local/Cellar/maven/3.5.3/libexec/conf"/>
    <property name="jdk.debug" value="release"/>
    <property name="java.class.version" value="53.0"/>
    <property name="java.specification.name" value="Java Platform API Specification"/>
    <property name="sun.management.compiler" value="HotSpot 64-Bit Tiered Compilers"/>
    <property name="os.version" value="10.13.6"/>
    <property name="library.jansi.path" value="/usr/local/Cellar/maven/3.5.3/libexec/lib/jansi-native"/>
    <property name="http.nonProxyHosts" value="local|*.local|169.254/16|*.169.254/16"/>
    <property name="user.home" value="/Users/administrator"/>
    <property name="user.timezone" value="Europe/London"/>
    <property name="java.awt.printerjob" value="sun.lwawt.macosx.CPrinterJob"/>
    <property name="file.encoding" value="UTF-8"/>
    <property name="java.specification.version" value="9"/>
    <property name="user.name" value="administrator"/>
    <property name="java.class.path" value="/usr/local/Cellar/maven/3.5.3/libexec/boot/plexus-classworlds-2.5.2.jar"/>
    <property name="it.test" value="donateRunner"/>
    <property name="java.vm.specification.version" value="9"/>
    <property name="sun.arch.data.model" value="64"/>
    <property name="sun.java.command" value="org.codehaus.plexus.classworlds.launcher.Launcher clean verify -Dit.test=donateRunner"/>
    <property name="java.home" value="/Library/Java/JavaVirtualMachines/jdk-9.0.4.jdk/Contents/Home"/>
    <property name="user.language" value="en"/>
    <property name="java.specification.vendor" value="Oracle Corporation"/>
    <property name="awt.toolkit" value="sun.lwawt.macosx.LWCToolkit"/>
    <property name="java.vm.info" value="mixed mode"/>
    <property name="java.version" value="9.0.4"/>
    <property name="java.vendor" value="Oracle Corporation"/>
    <property name="maven.home" value="/usr/local/Cellar/maven/3.5.3/libexec"/>
    <property name="file.separator" value="/"/>
    <property name="java.vendor.url.bug" value="http://bugreport.java.com/bugreport/"/>
    <property name="sun.io.unicode.encoding" value="UnicodeBig"/>
    <property name="sun.cpu.endian" value="little"/>
    <property name="socksNonProxyHosts" value="local|*.local|169.254/16|*.169.254/16"/>
    <property name="ftp.nonProxyHosts" value="local|*.local|169.254/16|*.169.254/16"/>
    <property name="sun.cpu.isalist" value=""/>
  </properties>
  <testcase name="Given I am on donate page" classname="Scenario: Paying in my own money with giftaid using card" time="0.002"/>
  <testcase name="When I choose Single donation option" classname="Scenario: Paying in my own money with giftaid using card" time="0.001"/>
  <testcase name="And I pick a donation amount from Single donations" classname="Scenario: Paying in my own money with giftaid using card" time="0"/>
  <testcase name="And I enter all the mandatory donation fields" classname="Scenario: Paying in my own money with giftaid using card" time="0"/>
  <testcase name="And I choose donation type as i am donating my own money with giftaid" classname="Scenario: Paying in my own money with giftaid using card" time="0"/>
  <testcase name="And I click on Donate button" classname="Scenario: Paying in my own money with giftaid using card" time="0"/>
  <testcase name="Then I verify the Paysage page is displayed" classname="Scenario: Paying in my own money with giftaid using card" time="0"/>
  <testcase name="When I click on continue to payment" classname="Scenario: Paying in my own money with giftaid using card" time="0"/>
  <testcase name="And I enter all the mandatory payment details" classname="Scenario: Paying in my own money with giftaid using card" time="0"/>
  <testcase name="And click on Pay now button" classname="Scenario: Paying in my own money with giftaid using card" time="0"/>
  <testcase name="And click on Pay now button" classname="Scenario: Paying in my own money with giftaid using card" time="0.001"/>
  <testcase name="And review the order" classname="Scenario: Paying in my own money with giftaid using card" time="0"/>
  <testcase name="Then I verify the payment successful page displayed to the user" classname="Scenario: Paying in my own money with giftaid using card" time="0"/>
  <testcase name="Scenario: Paying in my own money with giftaid using card" classname="Scenario: Paying in my own money with giftaid using card" time="0.242"/>
  <testcase name="Given I am on donate page" classname="Scenario: Paying in my own money without giftaid using card" time="0"/>
  <testcase name="When I choose Single donation option" classname="Scenario: Paying in my own money without giftaid using card" time="0"/>
  <testcase name="And I pick a donation amount from Single donations" classname="Scenario: Paying in my own money without giftaid using card" time="0"/>
  <testcase name="And I enter all the mandatory donation fields" classname="Scenario: Paying in my own money without giftaid using card" time="0"/>
  <testcase name="And I choose donation type as i am donating my own money without giftaid" classname="Scenario: Paying in my own money without giftaid using card" time="0"/>
  <testcase name="And I click on Donate button" classname="Scenario: Paying in my own money without giftaid using card" time="0"/>
  <testcase name="Then I verify the Paysage page is displayed" classname="Scenario: Paying in my own money without giftaid using card" time="0"/>
  <testcase name="When I click on continue to payment" classname="Scenario: Paying in my own money without giftaid using card" time="0.001"/>
  <testcase name="And I enter all the mandatory payment details" classname="Scenario: Paying in my own money without giftaid using card" time="0"/>
  <testcase name="And click on Pay now button" classname="Scenario: Paying in my own money without giftaid using card" time="0"/>
  <testcase name="And click on Pay now button" classname="Scenario: Paying in my own money without giftaid using card" time="0"/>
  <testcase name="And review the order" classname="Scenario: Paying in my own money without giftaid using card" time="0"/>
  <testcase name="Then I verify the payment successful page displayed to the user" classname="Scenario: Paying in my own money without giftaid using card" time="0"/>
  <testcase name="Scenario: Paying in my own money without giftaid using card" classname="Scenario: Paying in my own money without giftaid using card" time="0.278"/>
  <testcase name="Given I am on donate page" classname="Scenario: Paying in money from a fundraising event or collection using card" time="0.001"/>
  <testcase name="When I choose Single donation option" classname="Scenario: Paying in money from a fundraising event or collection using card" time="0"/>
  <testcase name="And I pick a donation amount from Single donations" classname="Scenario: Paying in money from a fundraising event or collection using card" time="0"/>
  <testcase name="And I enter all the mandatory donation fields" classname="Scenario: Paying in money from a fundraising event or collection using card" time="0"/>
  <testcase name="And I choose donation type as fundraising event or collection" classname="Scenario: Paying in money from a fundraising event or collection using card" time="0"/>
  <testcase name="And I click on Donate button" classname="Scenario: Paying in money from a fundraising event or collection using card" time="0"/>
  <testcase name="Then I verify the Paysage page is displayed" classname="Scenario: Paying in money from a fundraising event or collection using card" time="0"/>
  <testcase name="When I click on continue to payment" classname="Scenario: Paying in money from a fundraising event or collection using card" time="0"/>
  <testcase name="And I enter all the mandatory payment details" classname="Scenario: Paying in money from a fundraising event or collection using card" time="0"/>
  <testcase name="And click on Pay now button" classname="Scenario: Paying in money from a fundraising event or collection using card" time="0"/>
  <testcase name="And click on Pay now button" classname="Scenario: Paying in money from a fundraising event or collection using card" time="0"/>
  <testcase name="And review the order" classname="Scenario: Paying in money from a fundraising event or collection using card" time="0"/>
  <testcase name="Then I verify the payment successful page displayed to the user" classname="Scenario: Paying in money from a fundraising event or collection using card" time="0"/>
  <testcase name="Scenario: Paying in money from a fundraising event or collection using card" classname="Scenario: Paying in money from a fundraising event or collection using card" time="0.25"/>
  <testcase name="Given I am on donate page" classname="Scenario: Paying in money on behalf of company / school / organisation using card" time="0"/>
  <testcase name="When I choose Single donation option" classname="Scenario: Paying in money on behalf of company / school / organisation using card" time="0"/>
  <testcase name="And I pick a donation amount from Single donations" classname="Scenario: Paying in money on behalf of company / school / organisation using card" time="0"/>
  <testcase name="And I enter all the mandatory donation fields" classname="Scenario: Paying in money on behalf of company / school / organisation using card" time="0"/>
  <testcase name="And I choose donation type as on behalf of company / school / organisation" classname="Scenario: Paying in money on behalf of company / school / organisation using card" time="0.001"/>
  <testcase name="And I click on Donate button" classname="Scenario: Paying in money on behalf of company / school / organisation using card" time="0.001"/>
  <testcase name="Then I verify the Paysage page is displayed" classname="Scenario: Paying in money on behalf of company / school / organisation using card" time="0"/>
  <testcase name="When I click on continue to payment" classname="Scenario: Paying in money on behalf of company / school / organisation using card" time="0"/>
  <testcase name="And I enter all the mandatory payment details" classname="Scenario: Paying in money on behalf of company / school / organisation using card" time="0"/>
  <testcase name="And click on Pay now button" classname="Scenario: Paying in money on behalf of company / school / organisation using card" time="0"/>
  <testcase name="And click on Pay now button" classname="Scenario: Paying in money on behalf of company / school / organisation using card" time="0"/>
  <testcase name="And review the order" classname="Scenario: Paying in money on behalf of company / school / organisation using card" time="0"/>
  <testcase name="Then I verify the payment successful page displayed to the user" classname="Scenario: Paying in money on behalf of company / school / organisation using card" time="0"/>
  <testcase name="Scenario: Paying in money on behalf of company / school / organisation using card" classname="Scenario: Paying in money on behalf of company / school / organisation using card" time="0.228"/>
  <testcase name="Given I am on donate page" classname="Scenario: Donation my own money with giftaid using direct debit" time="0"/>
  <testcase name="When I choose Monthly donation option" classname="Scenario: Donation my own money with giftaid using direct debit" time="0"/>
  <testcase name="And I pick a donation amount from Monthly donations" classname="Scenario: Donation my own money with giftaid using direct debit" time="0"/>
  <testcase name="And I enter all direct debit mandatory donation fields" classname="Scenario: Donation my own money with giftaid using direct debit" time="0"/>
  <testcase name="And I choose donation type as i am donating my own money with giftaid" classname="Scenario: Donation my own money with giftaid using direct debit" time="0"/>
  <testcase name="And I click on Donate button" classname="Scenario: Donation my own money with giftaid using direct debit" time="0"/>
  <testcase name="Then I verify the direct debit details page is displayed" classname="Scenario: Donation my own money with giftaid using direct debit" time="0"/>
  <testcase name="When I enter all the mandatory direct debit details" classname="Scenario: Donation my own money with giftaid using direct debit" time="0"/>
  <testcase name="And I click on setup direct debit button" classname="Scenario: Donation my own money with giftaid using direct debit" time="0"/>
  <testcase name="Then I verify the bank details confirmation page is displayed" classname="Scenario: Donation my own money with giftaid using direct debit" time="0"/>
  <testcase name="And I click on confirm donation button" classname="Scenario: Donation my own money with giftaid using direct debit" time="0"/>
  <testcase name="Then I verify the DD setup successful page displayed to the user" classname="Scenario: Donation my own money with giftaid using direct debit" time="0"/>
  <testcase name="Scenario: Donation my own money with giftaid using direct debit" classname="Scenario: Donation my own money with giftaid using direct debit" time="0.329"/>
  <testcase name="Given I am on donate page" classname="Scenario: Donation my own money without giftaid using direct debit" time="0"/>
  <testcase name="When I choose Monthly donation option" classname="Scenario: Donation my own money without giftaid using direct debit" time="0"/>
  <testcase name="And I pick a donation amount from Monthly donations" classname="Scenario: Donation my own money without giftaid using direct debit" time="0"/>
  <testcase name="And I enter all direct debit mandatory donation fields" classname="Scenario: Donation my own money without giftaid using direct debit" time="0"/>
  <testcase name="And I choose donation type as i am donating my own money without giftaid" classname="Scenario: Donation my own money without giftaid using direct debit" time="0"/>
  <testcase name="And I click on Donate button" classname="Scenario: Donation my own money without giftaid using direct debit" time="0"/>
  <testcase name="Then I verify the direct debit details page is displayed" classname="Scenario: Donation my own money without giftaid using direct debit" time="0"/>
  <testcase name="When I enter all the mandatory direct debit details" classname="Scenario: Donation my own money without giftaid using direct debit" time="0"/>
  <testcase name="And I click on setup direct debit button" classname="Scenario: Donation my own money without giftaid using direct debit" time="0"/>
  <testcase name="Then I verify the bank details confirmation page is displayed" classname="Scenario: Donation my own money without giftaid using direct debit" time="0"/>
  <testcase name="And I click on confirm donation button" classname="Scenario: Donation my own money without giftaid using direct debit" time="0"/>
  <testcase name="Then I verify the DD setup successful page displayed to the user" classname="Scenario: Donation my own money without giftaid using direct debit" time="0"/>
  <testcase name="Scenario: Donation my own money without giftaid using direct debit" classname="Scenario: Donation my own money without giftaid using direct debit" time="0.289"/>
  <testcase name="Given I am on donate page" classname="Scenario: Donation from a fundraising event or collection using direct debit" time="0"/>
  <testcase name="When I choose Monthly donation option" classname="Scenario: Donation from a fundraising event or collection using direct debit" time="0"/>
  <testcase name="And I pick a donation amount from Monthly donations" classname="Scenario: Donation from a fundraising event or collection using direct debit" time="0"/>
  <testcase name="And I enter all direct debit mandatory donation fields" classname="Scenario: Donation from a fundraising event or collection using direct debit" time="0"/>
  <testcase name="And I choose donation type as fundraising event or collection" classname="Scenario: Donation from a fundraising event or collection using direct debit" time="0"/>
  <testcase name="And I click on Donate button" classname="Scenario: Donation from a fundraising event or collection using direct debit" time="0"/>
  <testcase name="Then I verify the direct debit details page is displayed" classname="Scenario: Donation from a fundraising event or collection using direct debit" time="0"/>
  <testcase name="When I enter all the mandatory direct debit details" classname="Scenario: Donation from a fundraising event or collection using direct debit" time="0.001"/>
  <testcase name="And I click on setup direct debit button" classname="Scenario: Donation from a fundraising event or collection using direct debit" time="0"/>
  <testcase name="Then I verify the bank details confirmation page is displayed" classname="Scenario: Donation from a fundraising event or collection using direct debit" time="0"/>
  <testcase name="And I click on confirm donation button" classname="Scenario: Donation from a fundraising event or collection using direct debit" time="0"/>
  <testcase name="Then I verify the DD setup successful page displayed to the user" classname="Scenario: Donation from a fundraising event or collection using direct debit" time="0"/>
  <testcase name="Scenario: Donation from a fundraising event or collection using direct debit" classname="Scenario: Donation from a fundraising event or collection using direct debit" time="0.238"/>
  <testcase name="Given I am on donate page" classname="Scenario: Donation on behalf of company / school / organisation using direct debit" time="0"/>
  <testcase name="When I choose Monthly donation option" classname="Scenario: Donation on behalf of company / school / organisation using direct debit" time="0"/>
  <testcase name="And I pick a donation amount from Monthly donations" classname="Scenario: Donation on behalf of company / school / organisation using direct debit" time="0"/>
  <testcase name="And I enter all direct debit mandatory donation fields" classname="Scenario: Donation on behalf of company / school / organisation using direct debit" time="0.01">
    <failure message="Donation amount in the details page is not as expected, Plz check: " type="java.lang.AssertionError">java.lang.AssertionError: Donation amount in the details page is not as expected, Plz check: 
</failure>
  </testcase>
  <testcase name="Scenario: Donation on behalf of company / school / organisation using direct debit" classname="Scenario: Donation on behalf of company / school / organisation using direct debit" time="0.01">
    <failure message="Donation amount in the details page is not as expected, Plz check: " type="java.lang.AssertionError">java.lang.AssertionError: Donation amount in the details page is not as expected, Plz check: 
</failure>
  </testcase>
  <testcase name="And I choose donation type as on behalf of company / school / organisation" classname="Scenario: Donation on behalf of company / school / organisation using direct debit" time="0">
    <skipped/>
  </testcase>
  <testcase name="And I click on Donate button" classname="Scenario: Donation on behalf of company / school / organisation using direct debit" time="0">
    <skipped/>
  </testcase>
  <testcase name="Then I verify the direct debit details page is displayed" classname="Scenario: Donation on behalf of company / school / organisation using direct debit" time="0">
    <skipped/>
  </testcase>
  <testcase name="When I enter all the mandatory direct debit details" classname="Scenario: Donation on behalf of company / school / organisation using direct debit" time="0">
    <skipped/>
  </testcase>
  <testcase name="And I click on setup direct debit button" classname="Scenario: Donation on behalf of company / school / organisation using direct debit" time="0">
    <skipped/>
  </testcase>
  <testcase name="Then I verify the bank details confirmation page is displayed" classname="Scenario: Donation on behalf of company / school / organisation using direct debit" time="0">
    <skipped/>
  </testcase>
  <testcase name="And I click on confirm donation button" classname="Scenario: Donation on behalf of company / school / organisation using direct debit" time="0">
    <skipped/>
  </testcase>
  <testcase name="Then I verify the DD setup successful page displayed to the user" classname="Scenario: Donation on behalf of company / school / organisation using direct debit" time="0">
    <skipped/>
  </testcase>
</testsuite>